<?xml version="1.0" encoding="utf-8"?><testsuites><testsuite errors="0" failures="0" hostname="Brians-MacBook-Pro-2.local" name="pytest" skipped="0" tests="2" time="7.570" timestamp="2020-02-05T22:11:02.040796"><testcase classname="tests.unit.field.test_text_field" file="tests/unit/field/test_text_field.py" line="223" name="test_load_embeddings" time="5.069"></testcase><testcase classname="tests.unit.field.test_text_field" file="tests/unit/field/test_text_field.py" line="238" name="test_load_embeddings_empty_voc" time="0.721"></testcase></testsuite></testsuites>